10:03:48 **** Build of configuration Debug for project Token-Pascal ****
make all 
Building file: ../src/Token-Pascal.c
Invoking: GCC C Compiler
gcc -O0 -g3 -Wall -c -fmessage-length=0 -MMD -MP -MF"src/Token-Pascal.d" -MT"src/Token-Pascal.d" -o "src/Token-Pascal.o" "../src/Token-Pascal.c"
Finished building: ../src/Token-Pascal.c
 
Building target: Token-Pascal
Invoking: GCC C Linker
gcc  -o "Token-Pascal"  ./src/Token-Pascal.o   
Finished building target: Token-Pascal
 
10:03:54 **** Incremental Build of configuration Debug for project Token-Pascal ****
make all 
make: Nothing to be done for 'all'.
16:24:19 **** Incremental Build of configuration Debug for project Token-Pascal ****
make all 
Building file: ../src/ScannerPascal.c
Invoking: GCC C Compiler
gcc -O0 -g3 -Wall -c -fmessage-length=0 -MMD -MP -MF"src/ScannerPascal.d" -MT"src/ScannerPascal.d" -o "src/ScannerPascal.o" "../src/ScannerPascal.c"
../src/ScannerPascal.c:40:2: error: redeclaration of enumerator ‘LETTER’
  LETTER, DIGIT, QUOTE, SPECIAL, EOF_CODE,
src/subdir.mk:24: recipe for target 'src/ScannerPascal.o' failed
  ^
In file included from ../src/ScannerPascal.c:20:0:
../src/ScannerPascal.h:23:2: note: previous definition of ‘LETTER’ was here
  LETTER, DIGIT, SPECIAL, EOF_CODE,
  ^
../src/ScannerPascal.c:40:10: error: redeclaration of enumerator ‘DIGIT’
  LETTER, DIGIT, QUOTE, SPECIAL, EOF_CODE,
          ^
In file included from ../src/ScannerPascal.c:20:0:
../src/ScannerPascal.h:23:10: note: previous definition of ‘DIGIT’ was here
  LETTER, DIGIT, SPECIAL, EOF_CODE,
          ^
../src/ScannerPascal.c:40:24: error: redeclaration of enumerator ‘SPECIAL’
  LETTER, DIGIT, QUOTE, SPECIAL, EOF_CODE,
                        ^
In file included from ../src/ScannerPascal.c:20:0:
../src/ScannerPascal.h:23:17: note: previous definition of ‘SPECIAL’ was here
  LETTER, DIGIT, SPECIAL, EOF_CODE,
                 ^
../src/ScannerPascal.c:40:33: error: redeclaration of enumerator ‘EOF_CODE’
  LETTER, DIGIT, QUOTE, SPECIAL, EOF_CODE,
                                 ^
In file included from ../src/ScannerPascal.c:20:0:
../src/ScannerPascal.h:23:26: note: previous definition of ‘EOF_CODE’ was here
  LETTER, DIGIT, SPECIAL, EOF_CODE,
                          ^
../src/ScannerPascal.c:41:3: error: conflicting types for ‘CHAR_CODE’
 } CHAR_CODE;
   ^
In file included from ../src/ScannerPascal.c:20:0:
../src/ScannerPascal.h:24:3: note: previous declaration of ‘CHAR_CODE’ was here
 } CHAR_CODE;
   ^
../src/ScannerPascal.c: In function ‘get_word’:
../src/ScannerPascal.c:255:10: error: ‘WORD’ undeclared (first use in this function)
  token = WORD;           // Set token type
          ^
../src/ScannerPascal.c:255:10: note: each undeclared identifier is reported only once for each function it appears in
make: *** [src/ScannerPascal.o] Error 1
18:03:46 **** Incremental Build of configuration Debug for project Token-Pascal ****
make all 
Building file: ../src/ScannerPascal.c
Invoking: GCC C Compiler
gcc -O0 -g3 -Wall -c -fmessage-length=0 -MMD -MP -MF"src/ScannerPascal.d" -MT"src/ScannerPascal.d" -o "src/ScannerPascal.o" "../src/ScannerPascal.c"
../src/ScannerPascal.c: In function ‘get_word’:
../src/ScannerPascal.c:247:10: error: ‘WORD’ undeclared (first use in this function)
  token = WORD;           // Set token type
          ^
../src/ScannerPascal.c:247:10: note: each undeclared identifier is reported only once for each function it appears in
src/subdir.mk:24: recipe for target 'src/ScannerPascal.o' failed
make: *** [src/ScannerPascal.o] Error 1
10:36:36 **** Clean-only build of configuration Debug for project Lister ****
make clean 
rm -rf  ./src/Lister.o  ./src/Lister.d  Lister
 
10:36:36 **** Clean-only build of configuration Debug for project Token-Pascal ****
make clean 
rm -rf  ./src/ScannerPascal.o ./src/Token-Pascal.o ./src/error.o  ./src/ScannerPascal.d ./src/Token-Pascal.d ./src/error.d  Token-Pascal
 
10:36:36 **** Clean-only build of configuration Debug for project Tokenizer ****
make clean 
rm -rf  ./src/Tokenizer.o  ./src/Tokenizer.d  Tokenizer
 
11:27:04 **** Build of configuration Debug for project Token-Pascal ****
make all 
Building file: ../src/ScannerPascal.c
Invoking: GCC C Compiler
gcc -O0 -g3 -Wall -c -fmessage-length=0 -MMD -MP -MF"src/ScannerPascal.d" -MT"src/ScannerPascal.d" -o "src/ScannerPascal.o" "../src/ScannerPascal.c"
../src/ScannerPascal.c:25:0: warning: "NUM_BITS_INT" redefined
 #define NUM_BITS_INT    32
 ^
In file included from ../src/ScannerPascal.c:18:0:
../src/common.h:26:0: note: this is the location of the previous definition
 #define NUM_BITS_INT    16
 ^
../src/ScannerPascal.c:26:0: warning: "MAX_POSITIVE_INTEGER" redefined
 #define MAX_POSITIVE_INTEGER     ((1 << (NUM_BITS_INT - 1)) - 1)
 ^
In file included from ../src/ScannerPascal.c:18:0:
../src/common.h:27:0: note: this is the location of the previous definition
 #define MAX_POSITIVE_INTEGER     (~(1 << (NUM_BITS_INT - 1)))
 ^
../src/ScannerPascal.c: In function ‘get_number’:
../src/ScannerPascal.c:377:2: warning: implicit declaration of function ‘pow’ [-Wimplicit-function-declaration]
  if(0 != exponent) nvalue *= pow(10, exponent);
  ^
../src/ScannerPascal.c:377:30: warning: incompatible implicit declaration of built-in function ‘pow’
  if(0 != exponent) nvalue *= pow(10, exponent);
                              ^
src/subdir.mk:24: recipe for target 'src/ScannerPascal.o' failed
../src/ScannerPascal.c:26:61: warning: integer overflow in expression [-Woverflow]
 #define MAX_POSITIVE_INTEGER     ((1 << (NUM_BITS_INT - 1)) - 1)
                                                             ^
../src/ScannerPascal.c:384:42: note: in expansion of macro ‘MAX_POSITIVE_INTEGER’
   if((MIN_NEGATIVE_INTEGER > nvalue) || (MAX_POSITIVE_INTEGER < nvalue)) {
                                          ^
../src/ScannerPascal.c: In function ‘is_reserved_word’:
../src/ScannerPascal.c:652:11: error: incompatible types when assigning to type ‘TOKEN_CODE’ from type ‘char *’
     token = rwp->string;
           ^
make: *** [src/ScannerPascal.o] Error 1
11:28:03 **** Clean-only build of configuration Debug for project Token-Pascal ****
make clean 
rm -rf  ./src/ScannerPascal.o ./src/Token-Pascal.o ./src/error.o  ./src/ScannerPascal.d ./src/Token-Pascal.d ./src/error.d  Token-Pascal
 
11:28:28 **** Build of configuration Debug for project Token-Pascal ****
make all 
Building file: ../src/ScannerPascal.c
Invoking: GCC C Compiler
gcc -O0 -g3 -Wall -c -fmessage-length=0 -MMD -MP -MF"src/ScannerPascal.d" -MT"src/ScannerPascal.d" -o "src/ScannerPascal.o" "../src/ScannerPascal.c"
../src/ScannerPascal.c:25:0: warning: "NUM_BITS_INT" redefined
 #define NUM_BITS_INT    32
 ^
In file included from ../src/ScannerPascal.c:18:0:
../src/common.h:26:0: note: this is the location of the previous definition
 #define NUM_BITS_INT    16
 ^
../src/ScannerPascal.c:26:0: warning: "MAX_POSITIVE_INTEGER" redefined
 #define MAX_POSITIVE_INTEGER     ((1 << (NUM_BITS_INT - 1)) - 1)
 ^
In file included from ../src/ScannerPascal.c:18:0:
../src/common.h:27:0: note: this is the location of the previous definition
src/subdir.mk:24: recipe for target 'src/ScannerPascal.o' failed
 #define MAX_POSITIVE_INTEGER     (~(1 << (NUM_BITS_INT - 1)))
 ^
../src/ScannerPascal.c: In function ‘get_number’:
../src/ScannerPascal.c:377:2: warning: implicit declaration of function ‘pow’ [-Wimplicit-function-declaration]
  if(0 != exponent) nvalue *= pow(10, exponent);
  ^
../src/ScannerPascal.c:377:30: warning: incompatible implicit declaration of built-in function ‘pow’
  if(0 != exponent) nvalue *= pow(10, exponent);
                              ^
../src/ScannerPascal.c:26:61: warning: integer overflow in expression [-Woverflow]
 #define MAX_POSITIVE_INTEGER     ((1 << (NUM_BITS_INT - 1)) - 1)
                                                             ^
../src/ScannerPascal.c:384:42: note: in expansion of macro ‘MAX_POSITIVE_INTEGER’
   if((MIN_NEGATIVE_INTEGER > nvalue) || (MAX_POSITIVE_INTEGER < nvalue)) {
                                          ^
../src/ScannerPascal.c: In function ‘is_reserved_word’:
../src/ScannerPascal.c:652:11: error: incompatible types when assigning to type ‘TOKEN_CODE’ from type ‘char *’
     token = rwp->string;
           ^
make: *** [src/ScannerPascal.o] Error 1
11:34:30 **** Incremental Build of configuration Debug for project Token-Pascal ****
make all 
Building file: ../src/ScannerPascal.c
Invoking: GCC C Compiler
gcc -O0 -g3 -Wall -c -fmessage-length=0 -MMD -MP -MF"src/ScannerPascal.d" -MT"src/ScannerPascal.d" -o "src/ScannerPascal.o" "../src/ScannerPascal.c"
Finished building: ../src/ScannerPascal.c
 
Building file: ../src/Token-Pascal.c
Invoking: GCC C Compiler
gcc -O0 -g3 -Wall -c -fmessage-length=0 -MMD -MP -MF"src/Token-Pascal.d" -MT"src/Token-Pascal.d" -o "src/Token-Pascal.o" "../src/Token-Pascal.c"
../src/Token-Pascal.c: In function ‘main’:
../src/Token-Pascal.c:36:24: error: ‘token’ undeclared (first use in this function)
      if(END_OF_FILE == token) {
src/subdir.mk:24: recipe for target 'src/Token-Pascal.o' failed
                        ^
../src/Token-Pascal.c:36:24: note: each undeclared identifier is reported only once for each function it appears in
make: *** [src/Token-Pascal.o] Error 1
11:35:37 **** Incremental Build of configuration Debug for project Token-Pascal ****
make all 
Building file: ../src/Token-Pascal.c
Invoking: GCC C Compiler
gcc -O0 -g3 -Wall -c -fmessage-length=0 -MMD -MP -MF"src/Token-Pascal.d" -MT"src/Token-Pascal.d" -o "src/Token-Pascal.o" "../src/Token-Pascal.c"
Finished building: ../src/Token-Pascal.c
 
Building file: ../src/error.c
Invoking: GCC C Compiler
gcc -O0 -g3 -Wall -c -fmessage-length=0 -MMD -MP -MF"src/error.d" -MT"src/error.d" -o "src/error.o" "../src/error.c"
../src/error.c: In function ‘error’:
../src/error.c:109:6: warning: implicit declaration of function ‘print_line’ [-Wimplicit-function-declaration]
      print_line(message_buffer);
      ^
../src/error.c:136:9: warning: implicit declaration of function ‘exit’ [-Wimplicit-function-declaration]
         exit(-TOO_MANY_SYNTAX_ERRORS);
         ^
../src/error.c:136:9: warning: incompatible implicit declaration of built-in function ‘exit’
Finished building: ../src/error.c
 
Building target: Token-Pascal
Invoking: GCC C Linker
gcc  -o "Token-Pascal"  ./src/ScannerPascal.o ./src/Token-Pascal.o ./src/error.o   
./src/ScannerPascal.o: In function `get_number':
/home/morrisma/Development/CProjects/Asm/Token-Pascal/Debug/../src/ScannerPascal.c:372: undefined reference to `pow'
makefile:30: recipe for target 'Token-Pascal' failed
./src/error.o: In function `error':
/home/morrisma/Development/CProjects/Asm/Token-Pascal/Debug/../src/error.c:106: undefined reference to `print_flag'
/home/morrisma/Development/CProjects/Asm/Token-Pascal/Debug/../src/error.c:108: undefined reference to `print_flag'
/home/morrisma/Development/CProjects/Asm/Token-Pascal/Debug/../src/error.c:119: undefined reference to `print_flag'
/home/morrisma/Development/CProjects/Asm/Token-Pascal/Debug/../src/error.c:130: undefined reference to `print_flag'
collect2: error: ld returned 1 exit status
make: *** [Token-Pascal] Error 1
11:35:57 **** Clean-only build of configuration Debug for project Token-Pascal ****
make clean 
rm -rf  ./src/ScannerPascal.o ./src/Token-Pascal.o ./src/error.o  ./src/ScannerPascal.d ./src/Token-Pascal.d ./src/error.d  Token-Pascal
 
11:37:06 **** Build of configuration Debug for project Token-Pascal ****
make all 
Building file: ../src/ScannerPascal.c
Invoking: GCC C Compiler
gcc -O0 -g3 -Wall -c -fmessage-length=0 -MMD -MP -MF"src/ScannerPascal.d" -MT"src/ScannerPascal.d" -o "src/ScannerPascal.o" "../src/ScannerPascal.c"
Finished building: ../src/ScannerPascal.c
 
Building file: ../src/Token-Pascal.c
Invoking: GCC C Compiler
gcc -O0 -g3 -Wall -c -fmessage-length=0 -MMD -MP -MF"src/Token-Pascal.d" -MT"src/Token-Pascal.d" -o "src/Token-Pascal.o" "../src/Token-Pascal.c"
Finished building: ../src/Token-Pascal.c
 
Building file: ../src/error.c
Invoking: GCC C Compiler
gcc -O0 -g3 -Wall -c -fmessage-length=0 -MMD -MP -MF"src/error.d" -MT"src/error.d" -o "src/error.o" "../src/error.c"
../src/error.c: In function ‘error’:
../src/error.c:109:6: warning: implicit declaration of function ‘print_line’ [-Wimplicit-function-declaration]
      print_line(message_buffer);
      ^
../src/error.c:136:9: warning: implicit declaration of function ‘exit’ [-Wimplicit-function-declaration]
         exit(-TOO_MANY_SYNTAX_ERRORS);
         ^
../src/error.c:136:9: warning: incompatible implicit declaration of built-in function ‘exit’
Finished building: ../src/error.c
 
Building target: Token-Pascal
Invoking: GCC C Linker
gcc  -o "Token-Pascal"  ./src/ScannerPascal.o ./src/Token-Pascal.o ./src/error.o   
./src/ScannerPascal.o: In function `get_number':
/home/morrisma/Development/CProjects/Asm/Token-Pascal/Debug/../src/ScannerPascal.c:372: undefined reference to `pow'
makefile:30: recipe for target 'Token-Pascal' failed
./src/error.o: In function `error':
/home/morrisma/Development/CProjects/Asm/Token-Pascal/Debug/../src/error.c:106: undefined reference to `print_flag'
/home/morrisma/Development/CProjects/Asm/Token-Pascal/Debug/../src/error.c:108: undefined reference to `print_flag'
/home/morrisma/Development/CProjects/Asm/Token-Pascal/Debug/../src/error.c:119: undefined reference to `print_flag'
/home/morrisma/Development/CProjects/Asm/Token-Pascal/Debug/../src/error.c:130: undefined reference to `print_flag'
collect2: error: ld returned 1 exit status
make: *** [Token-Pascal] Error 1
11:38:31 **** Clean-only build of configuration Debug for project Token-Pascal ****
make clean 
rm -rf  ./src/ScannerPascal.o ./src/Token-Pascal.o ./src/error.o  ./src/ScannerPascal.d ./src/Token-Pascal.d ./src/error.d  Token-Pascal
 
11:38:36 **** Clean-only build of configuration Debug for project Token-Pascal ****
make clean 
rm -rf  ./src/ScannerPascal.o ./src/Token-Pascal.o ./src/error.o  ./src/ScannerPascal.d ./src/Token-Pascal.d ./src/error.d  Token-Pascal
 
11:38:36 **** Build of configuration Debug for project Token-Pascal ****
make all 
Building file: ../src/ScannerPascal.c
Invoking: GCC C Compiler
gcc -O0 -g3 -Wall -c -fmessage-length=0 -MMD -MP -MF"src/ScannerPascal.d" -MT"src/ScannerPascal.d" -o "src/ScannerPascal.o" "../src/ScannerPascal.c"
Finished building: ../src/ScannerPascal.c
 
Building file: ../src/Token-Pascal.c
Invoking: GCC C Compiler
gcc -O0 -g3 -Wall -c -fmessage-length=0 -MMD -MP -MF"src/Token-Pascal.d" -MT"src/Token-Pascal.d" -o "src/Token-Pascal.o" "../src/Token-Pascal.c"
Finished building: ../src/Token-Pascal.c
 
Building file: ../src/error.c
Invoking: GCC C Compiler
gcc -O0 -g3 -Wall -c -fmessage-length=0 -MMD -MP -MF"src/error.d" -MT"src/error.d" -o "src/error.o" "../src/error.c"
../src/error.c: In function ‘error’:
../src/error.c:109:6: warning: implicit declaration of function ‘print_line’ [-Wimplicit-function-declaration]
      print_line(message_buffer);
      ^
../src/error.c:136:9: warning: implicit declaration of function ‘exit’ [-Wimplicit-function-declaration]
         exit(-TOO_MANY_SYNTAX_ERRORS);
         ^
../src/error.c:136:9: warning: incompatible implicit declaration of built-in function ‘exit’
Finished building: ../src/error.c
 
Building target: Token-Pascal
Invoking: GCC C Linker
gcc  -o "Token-Pascal"  ./src/ScannerPascal.o ./src/Token-Pascal.o ./src/error.o   -lm
./src/error.o: In function `error':
/home/morrisma/Development/CProjects/Asm/Token-Pascal/Debug/../src/error.c:106: undefined reference to `print_flag'
makefile:30: recipe for target 'Token-Pascal' failed
/home/morrisma/Development/CProjects/Asm/Token-Pascal/Debug/../src/error.c:108: undefined reference to `print_flag'
/home/morrisma/Development/CProjects/Asm/Token-Pascal/Debug/../src/error.c:119: undefined reference to `print_flag'
/home/morrisma/Development/CProjects/Asm/Token-Pascal/Debug/../src/error.c:130: undefined reference to `print_flag'
collect2: error: ld returned 1 exit status
make: *** [Token-Pascal] Error 1
11:47:44 **** Incremental Build of configuration Debug for project Token-Pascal ****
make all 
Building file: ../src/ScannerPascal.c
Invoking: GCC C Compiler
gcc -O0 -g3 -Wall -c -fmessage-length=0 -MMD -MP -MF"src/ScannerPascal.d" -MT"src/ScannerPascal.d" -o "src/ScannerPascal.o" "../src/ScannerPascal.c"
Finished building: ../src/ScannerPascal.c
 
Building target: Token-Pascal
Invoking: GCC C Linker
gcc  -o "Token-Pascal"  ./src/ScannerPascal.o ./src/Token-Pascal.o ./src/error.o   -lm
Finished building target: Token-Pascal
 
13:09:29 **** Incremental Build of configuration Debug for project Token-Pascal ****
make all 
make: Nothing to be done for 'all'.
13:11:52 **** Incremental Build of configuration Debug for project Token-Pascal ****
make all 
make: Nothing to be done for 'all'.
13:16:17 **** Incremental Build of configuration Debug for project Token-Pascal ****
make all 
Building file: ../src/ScannerPascal.c
Invoking: GCC C Compiler
gcc -O0 -g3 -Wall -c -fmessage-length=0 -MMD -MP -MF"src/ScannerPascal.d" -MT"src/ScannerPascal.d" -o "src/ScannerPascal.o" "../src/ScannerPascal.c"
Finished building: ../src/ScannerPascal.c
 
Building file: ../src/Token-Pascal.c
Invoking: GCC C Compiler
gcc -O0 -g3 -Wall -c -fmessage-length=0 -MMD -MP -MF"src/Token-Pascal.d" -MT"src/Token-Pascal.d" -o "src/Token-Pascal.o" "../src/Token-Pascal.c"
Finished building: ../src/Token-Pascal.c
 
Building file: ../src/error.c
Invoking: GCC C Compiler
gcc -O0 -g3 -Wall -c -fmessage-length=0 -MMD -MP -MF"src/error.d" -MT"src/error.d" -o "src/error.o" "../src/error.c"
../src/error.c: In function ‘error’:
../src/error.c:109:6: warning: implicit declaration of function ‘print_line’ [-Wimplicit-function-declaration]
      print_line(message_buffer);
      ^
../src/error.c:136:9: warning: implicit declaration of function ‘exit’ [-Wimplicit-function-declaration]
         exit(-TOO_MANY_SYNTAX_ERRORS);
         ^
../src/error.c:136:9: warning: incompatible implicit declaration of built-in function ‘exit’
Finished building: ../src/error.c
 
Building target: Token-Pascal
Invoking: GCC C Linker
gcc  -o "Token-Pascal"  ./src/ScannerPascal.o ./src/Token-Pascal.o ./src/error.o   -lm
Finished building target: Token-Pascal
 
13:25:20 **** Incremental Build of configuration Debug for project Token-Pascal ****
make all 
make: Nothing to be done for 'all'.
13:29:54 **** Incremental Build of configuration Debug for project Token-Pascal ****
make all 
make: Nothing to be done for 'all'.
13:35:43 **** Incremental Build of configuration Debug for project Token-Pascal ****
make all 
make: Nothing to be done for 'all'.
13:38:47 **** Incremental Build of configuration Debug for project Token-Pascal ****
make all 
Building file: ../src/ScannerPascal.c
Invoking: GCC C Compiler
gcc -O0 -g3 -Wall -c -fmessage-length=0 -MMD -MP -MF"src/ScannerPascal.d" -MT"src/ScannerPascal.d" -o "src/ScannerPascal.o" "../src/ScannerPascal.c"
Finished building: ../src/ScannerPascal.c
 
Building target: Token-Pascal
Invoking: GCC C Linker
gcc  -o "Token-Pascal"  ./src/ScannerPascal.o ./src/Token-Pascal.o ./src/error.o   -lm
Finished building target: Token-Pascal
 
13:43:10 **** Incremental Build of configuration Debug for project Token-Pascal ****
make all 
Building file: ../src/ScannerPascal.c
Invoking: GCC C Compiler
gcc -O0 -g3 -Wall -c -fmessage-length=0 -MMD -MP -MF"src/ScannerPascal.d" -MT"src/ScannerPascal.d" -o "src/ScannerPascal.o" "../src/ScannerPascal.c"
Finished building: ../src/ScannerPascal.c
 
Building target: Token-Pascal
Invoking: GCC C Linker
gcc  -o "Token-Pascal"  ./src/ScannerPascal.o ./src/Token-Pascal.o ./src/error.o   -lm
Finished building target: Token-Pascal
 
